<?xml version="1.0" encoding="UTF-8"?>
<!-- Generated by org.testng.reporters.JUnitXMLReporter -->
<testsuite ignored="1" hostname="WKWZTjY8YQomnow" failures="0" tests="1" name="Default test" time="3.304" errors="0" timestamp="2024-05-20T23:57:45 IST">
  <testcase classname="com.project.framework.test.PageTest" name="navigate_to_homepage_click_on_getStarted" time="0.055"/>
  <testcase classname="com.project.framework.test.PageTest" name="eneter_userDetails" time="0.0">
    <ignored/>
  </testcase> <!-- eneter_userDetails -->
</testsuite> <!-- Default test -->
